[2023-04-19 19:27:44,052] INFO autoreload Watching for file changes with StatReloader
[2023-04-19 19:27:55,756] WARNING log Not Found: /news/645656/
[2023-04-19 19:27:55,757] WARNING basehttp "GET /news/645656/ HTTP/1.1" 404 8055
[2023-04-19 19:28:03,531] INFO basehttp "GET /news/ HTTP/1.1" 200 29039
[2023-04-19 19:28:16,128] INFO basehttp "GET /news/search/ HTTP/1.1" 200 17537
[2023-04-19 19:28:20,025] INFO basehttp "GET /news/add/ HTTP/1.1" 200 10010
[2023-04-19 19:28:22,087] INFO basehttp "GET /news/ HTTP/1.1" 200 29039
[2023-04-19 19:28:26,658] INFO basehttp "GET /news/564564564 HTTP/1.1" 301 0
[2023-04-19 19:28:26,677] WARNING log Not Found: /news/564564564/
[2023-04-19 19:28:26,678] WARNING basehttp "GET /news/564564564/ HTTP/1.1" 404 8055
[2023-04-19 19:28:49,804] WARNING log Not Found: /news/564564564/
[2023-04-19 19:28:49,805] WARNING basehttp "GET /news/564564564/ HTTP/1.1" 404 8055
[2023-04-19 19:28:51,553] WARNING log Not Found: /news/564564564/
[2023-04-19 19:28:51,554] WARNING basehttp "GET /news/564564564/ HTTP/1.1" 404 8055
[2023-04-19 19:29:06,913] WARNING log Not Found: /news/564564564/
[2023-04-19 19:29:06,914] WARNING basehttp "GET /news/564564564/ HTTP/1.1" 404 8055
[2023-04-19 19:29:57,345] WARNING log Not Found: /news/564564564/
[2023-04-19 19:29:57,345] WARNING basehttp "GET /news/564564564/ HTTP/1.1" 404 8033
[2023-04-19 19:30:04,006] INFO basehttp "GET /news/ HTTP/1.1" 200 29039
[2023-04-19 19:30:31,929] INFO autoreload C:\Users\Plagueis\Desktop\SkillFactory\D2\D2\settings.py changed, reloading.
[2023-04-24 12:01:21,528] INFO autoreload Watching for file changes with StatReloader
[2023-04-24 12:01:23,955] INFO basehttp "GET /news/ HTTP/1.1" 200 29039
[2023-04-24 12:01:24,489] WARNING log Not Found: /static/news/assets/favicon.ico
[2023-04-24 12:01:24,489] WARNING basehttp "GET /static/news/assets/favicon.ico HTTP/1.1" 404 8538
[2023-04-24 12:01:28,194] INFO basehttp "GET /news/212/ HTTP/1.1" 200 16161
[2023-04-24 12:01:29,381] INFO basehttp "GET /news/ HTTP/1.1" 200 29039
[2023-04-24 12:01:39,417] INFO basehttp "GET /news/6564564 HTTP/1.1" 301 0
[2023-04-24 12:01:39,435] WARNING log Not Found: /news/6564564/
[2023-04-24 12:01:39,436] WARNING basehttp "GET /news/6564564/ HTTP/1.1" 404 8033
[2023-04-24 12:02:17,063] INFO autoreload C:\Users\Plagueis\Desktop\SkillFactory\D2\D2\settings.py changed, reloading.
